!SESSION 2021-05-13 15:58:46.058 -----------------------------------------------
eclipse.buildId=4.18.0.I20201202-1800
java.version=15.0.2
java.vendor=Oracle Corporation
BootLoader constants: OS=win32, ARCH=x86_64, WS=win32, NL=en_US
Framework arguments:  -product org.eclipse.epp.package.java.product
Command-line arguments:  -os win32 -ws win32 -arch x86_64 -product org.eclipse.epp.package.java.product

!ENTRY org.eclipse.jface 2 0 2021-05-13 15:58:52.018
!MESSAGE Keybinding conflicts occurred.  They may interfere with normal accelerator operation.
!SUBENTRY 1 org.eclipse.jface 2 0 2021-05-13 15:58:52.018
!MESSAGE A conflict occurred for CTRL+SHIFT+T:
Binding(CTRL+SHIFT+T,
	ParameterizedCommand(Command(org.eclipse.jdt.ui.navigate.open.type,Open Type,
		Open a type in a Java editor,
		Category(org.eclipse.ui.category.navigate,Navigate,null,true),
		org.eclipse.ui.internal.WorkbenchHandlerServiceHandler@2aa0feb2,
		,,true),null),
	org.eclipse.ui.defaultAcceleratorConfiguration,
	org.eclipse.ui.contexts.window,,,system)
Binding(CTRL+SHIFT+T,
	ParameterizedCommand(Command(org.eclipse.lsp4e.symbolinworkspace,Go to Symbol in Workspace,
		,
		Category(org.eclipse.lsp4e.category,Language Servers,null,true),
		org.eclipse.ui.internal.WorkbenchHandlerServiceHandler@351c6341,
		,,true),null),
	org.eclipse.ui.defaultAcceleratorConfiguration,
	org.eclipse.ui.contexts.window,,,system)

!ENTRY org.eclipse.egit.ui 2 0 2021-05-13 15:58:58.387
!MESSAGE Warning: The environment variable HOME is not set. The following directory will be used to store the Git
user global configuration and to define the default location to store repositories: 'C:\Users\paula'. If this is
not correct please set the HOME environment variable and restart Eclipse. Otherwise Git for Windows and
EGit might behave differently since they see different configuration options.
This warning can be switched off on the Team > Git > Confirmations and Warnings preference page.

!ENTRY org.eclipse.jdt.junit 4 0 2021-05-13 16:12:07.973
!MESSAGE No tests found with test runner 'JUnit 5'.

!ENTRY org.eclipse.jdt.junit 4 0 2021-05-13 16:12:42.983
!MESSAGE No tests found with test runner 'JUnit 5'.
!SESSION 2021-05-13 16:29:21.963 -----------------------------------------------
eclipse.buildId=4.18.0.I20201202-1800
java.version=15.0.2
java.vendor=Oracle Corporation
BootLoader constants: OS=win32, ARCH=x86_64, WS=win32, NL=en_US
Framework arguments:  -product org.eclipse.epp.package.java.product
Command-line arguments:  -os win32 -ws win32 -arch x86_64 -product org.eclipse.epp.package.java.product

!ENTRY org.eclipse.jface 2 0 2021-05-13 16:29:27.154
!MESSAGE Keybinding conflicts occurred.  They may interfere with normal accelerator operation.
!SUBENTRY 1 org.eclipse.jface 2 0 2021-05-13 16:29:27.154
!MESSAGE A conflict occurred for CTRL+SHIFT+T:
Binding(CTRL+SHIFT+T,
	ParameterizedCommand(Command(org.eclipse.jdt.ui.navigate.open.type,Open Type,
		Open a type in a Java editor,
		Category(org.eclipse.ui.category.navigate,Navigate,null,true),
		org.eclipse.ui.internal.WorkbenchHandlerServiceHandler@5a06eeef,
		,,true),null),
	org.eclipse.ui.defaultAcceleratorConfiguration,
	org.eclipse.ui.contexts.window,,,system)
Binding(CTRL+SHIFT+T,
	ParameterizedCommand(Command(org.eclipse.lsp4e.symbolinworkspace,Go to Symbol in Workspace,
		,
		Category(org.eclipse.lsp4e.category,Language Servers,null,true),
		org.eclipse.ui.internal.WorkbenchHandlerServiceHandler@1c0cf193,
		,,true),null),
	org.eclipse.ui.defaultAcceleratorConfiguration,
	org.eclipse.ui.contexts.window,,,system)

!ENTRY org.eclipse.egit.ui 2 0 2021-05-13 16:29:32.257
!MESSAGE Warning: The environment variable HOME is not set. The following directory will be used to store the Git
user global configuration and to define the default location to store repositories: 'C:\Users\paula'. If this is
not correct please set the HOME environment variable and restart Eclipse. Otherwise Git for Windows and
EGit might behave differently since they see different configuration options.
This warning can be switched off on the Team > Git > Confirmations and Warnings preference page.
!SESSION 2021-05-14 12:28:14.510 -----------------------------------------------
eclipse.buildId=4.18.0.I20201202-1800
java.version=15.0.2
java.vendor=Oracle Corporation
BootLoader constants: OS=win32, ARCH=x86_64, WS=win32, NL=en_US
Framework arguments:  -product org.eclipse.epp.package.java.product
Command-line arguments:  -os win32 -ws win32 -arch x86_64 -product org.eclipse.epp.package.java.product

!ENTRY org.eclipse.jface 2 0 2021-05-14 12:28:23.171
!MESSAGE Keybinding conflicts occurred.  They may interfere with normal accelerator operation.
!SUBENTRY 1 org.eclipse.jface 2 0 2021-05-14 12:28:23.171
!MESSAGE A conflict occurred for CTRL+SHIFT+T:
Binding(CTRL+SHIFT+T,
	ParameterizedCommand(Command(org.eclipse.jdt.ui.navigate.open.type,Open Type,
		Open a type in a Java editor,
		Category(org.eclipse.ui.category.navigate,Navigate,null,true),
		org.eclipse.ui.internal.WorkbenchHandlerServiceHandler@1c0cf193,
		,,true),null),
	org.eclipse.ui.defaultAcceleratorConfiguration,
	org.eclipse.ui.contexts.window,,,system)
Binding(CTRL+SHIFT+T,
	ParameterizedCommand(Command(org.eclipse.lsp4e.symbolinworkspace,Go to Symbol in Workspace,
		,
		Category(org.eclipse.lsp4e.category,Language Servers,null,true),
		org.eclipse.ui.internal.WorkbenchHandlerServiceHandler@3dd66ff5,
		,,true),null),
	org.eclipse.ui.defaultAcceleratorConfiguration,
	org.eclipse.ui.contexts.window,,,system)

!ENTRY org.eclipse.egit.ui 2 0 2021-05-14 12:28:32.582
!MESSAGE Warning: The environment variable HOME is not set. The following directory will be used to store the Git
user global configuration and to define the default location to store repositories: 'C:\Users\paula'. If this is
not correct please set the HOME environment variable and restart Eclipse. Otherwise Git for Windows and
EGit might behave differently since they see different configuration options.
This warning can be switched off on the Team > Git > Confirmations and Warnings preference page.

!ENTRY org.eclipse.debug.ui 4 120 2021-05-14 12:48:54.261
!MESSAGE Error logged from Debug UI: 
!STACK 0
java.lang.InterruptedException
	at java.base/java.util.concurrent.FutureTask.awaitDone(FutureTask.java:418)
	at java.base/java.util.concurrent.FutureTask.get(FutureTask.java:203)
	at org.eclipse.debug.internal.ui.stringsubstitution.SelectedResourceManager.runInUIThreadWithTimeout(SelectedResourceManager.java:262)
	at org.eclipse.debug.internal.ui.stringsubstitution.SelectedResourceManager.getFromUI(SelectedResourceManager.java:240)
	at org.eclipse.debug.internal.ui.stringsubstitution.SelectedResourceManager.getActiveWindow(SelectedResourceManager.java:231)
	at org.eclipse.debug.ui.DebugUITools.getDebugContext(DebugUITools.java:247)
	at org.eclipse.jdt.internal.debug.ui.JavaDebugHover.getFrame(JavaDebugHover.java:97)
	at org.eclipse.jdt.internal.debug.ui.JavaDebugHover.getHoverInfo2(JavaDebugHover.java:251)
	at org.eclipse.jdt.internal.ui.text.java.hover.BestMatchHover.getHoverInfo2(BestMatchHover.java:163)
	at org.eclipse.jdt.internal.ui.text.java.hover.BestMatchHover.getHoverInfo2(BestMatchHover.java:130)
	at org.eclipse.jdt.internal.ui.text.java.hover.JavaEditorTextHoverProxy.getHoverInfo2(JavaEditorTextHoverProxy.java:89)
	at org.eclipse.jface.text.TextViewerHoverManager$1.run(TextViewerHoverManager.java:155)

!ENTRY net.sf.eclipsecs.core 4 0 2021-05-14 12:55:57.584
!MESSAGE Checkstyle-Plugin: Exception was thrown while processing C:\Users\paula\eclipse-workspace\Assignment3\StackAnalysis\src\avranalysis\core\StackAnalysis.java
!STACK 0
com.puppycrawl.tools.checkstyle.api.CheckstyleException: Exception was thrown while processing C:\Users\paula\eclipse-workspace\Assignment3\StackAnalysis\src\avranalysis\core\StackAnalysis.java
	at com.puppycrawl.tools.checkstyle.Checker.processFiles(Checker.java:311)
	at com.puppycrawl.tools.checkstyle.Checker.process(Checker.java:221)
	at net.sf.eclipsecs.core.builder.Auditor.runAudit(Auditor.java:146)
	at net.sf.eclipsecs.core.builder.CheckstyleBuilder.handleBuildSelection(CheckstyleBuilder.java:307)
	at net.sf.eclipsecs.core.builder.CheckstyleBuilder.build(CheckstyleBuilder.java:173)
	at org.eclipse.core.internal.events.BuildManager$2.run(BuildManager.java:845)
	at org.eclipse.core.runtime.SafeRunner.run(SafeRunner.java:45)
	at org.eclipse.core.internal.events.BuildManager.basicBuild(BuildManager.java:228)
	at org.eclipse.core.internal.events.BuildManager.basicBuild(BuildManager.java:276)
	at org.eclipse.core.internal.events.BuildManager$1.run(BuildManager.java:329)
	at org.eclipse.core.runtime.SafeRunner.run(SafeRunner.java:45)
	at org.eclipse.core.internal.events.BuildManager.basicBuild(BuildManager.java:332)
	at org.eclipse.core.internal.events.BuildManager.basicBuildLoop(BuildManager.java:384)
	at org.eclipse.core.internal.events.BuildManager.build(BuildManager.java:405)
	at org.eclipse.core.internal.events.AutoBuildJob.doBuild(AutoBuildJob.java:154)
	at org.eclipse.core.internal.events.AutoBuildJob.run(AutoBuildJob.java:244)
	at org.eclipse.core.internal.jobs.Worker.run(Worker.java:63)
Caused by: com.puppycrawl.tools.checkstyle.api.CheckstyleException: IllegalStateException occurred while parsing file C:\Users\paula\eclipse-workspace\Assignment3\StackAnalysis\src\avranalysis\core\StackAnalysis.java.
	at com.puppycrawl.tools.checkstyle.JavaParser.parse(JavaParser.java:120)
	at com.puppycrawl.tools.checkstyle.TreeWalker.processFiltered(TreeWalker.java:149)
	at com.puppycrawl.tools.checkstyle.api.AbstractFileSetCheck.process(AbstractFileSetCheck.java:87)
	at com.puppycrawl.tools.checkstyle.Checker.processFile(Checker.java:337)
	at com.puppycrawl.tools.checkstyle.Checker.processFiles(Checker.java:298)
	... 16 more
Caused by: java.lang.IllegalStateException: C:\Users\paula\eclipse-workspace\Assignment3\StackAnalysis\src\avranalysis\core\StackAnalysis.java:64:8: unexpected token: )
	at com.puppycrawl.tools.checkstyle.JavaParser$1.reportError(JavaParser.java:108)
	at com.puppycrawl.tools.checkstyle.grammar.GeneratedJavaRecognizer.typeDefinition(GeneratedJavaRecognizer.java:424)
	at com.puppycrawl.tools.checkstyle.grammar.GeneratedJavaRecognizer.compilationUnit(GeneratedJavaRecognizer.java:212)
	at com.puppycrawl.tools.checkstyle.JavaParser.parse(JavaParser.java:114)
	... 20 more
Caused by: C:\Users\paula\eclipse-workspace\Assignment3\StackAnalysis\src\avranalysis\core\StackAnalysis.java:64:8: unexpected token: )
	at com.puppycrawl.tools.checkstyle.grammar.GeneratedJavaRecognizer.expression(GeneratedJavaRecognizer.java:5348)
	at com.puppycrawl.tools.checkstyle.grammar.GeneratedJavaRecognizer.traditionalStatement(GeneratedJavaRecognizer.java:5655)
	at com.puppycrawl.tools.checkstyle.grammar.GeneratedJavaRecognizer.statement(GeneratedJavaRecognizer.java:4814)
	at com.puppycrawl.tools.checkstyle.grammar.GeneratedJavaRecognizer.compoundStatement(GeneratedJavaRecognizer.java:4543)
	at com.puppycrawl.tools.checkstyle.grammar.GeneratedJavaRecognizer.field(GeneratedJavaRecognizer.java:3158)
	at com.puppycrawl.tools.checkstyle.grammar.GeneratedJavaRecognizer.classBlock(GeneratedJavaRecognizer.java:3415)
	at com.puppycrawl.tools.checkstyle.grammar.GeneratedJavaRecognizer.classDefinition(GeneratedJavaRecognizer.java:646)
	at com.puppycrawl.tools.checkstyle.grammar.GeneratedJavaRecognizer.typeDefinitionInternal(GeneratedJavaRecognizer.java:561)
	at com.puppycrawl.tools.checkstyle.grammar.GeneratedJavaRecognizer.typeDefinition(GeneratedJavaRecognizer.java:402)
	... 22 more

!ENTRY net.sf.eclipsecs.core 4 0 2021-05-14 13:00:35.784
!MESSAGE Checkstyle-Plugin: Exception was thrown while processing C:\Users\paula\eclipse-workspace\Assignment3\StackAnalysis\src\avranalysis\core\StackAnalysis.java
!STACK 0
com.puppycrawl.tools.checkstyle.api.CheckstyleException: Exception was thrown while processing C:\Users\paula\eclipse-workspace\Assignment3\StackAnalysis\src\avranalysis\core\StackAnalysis.java
	at com.puppycrawl.tools.checkstyle.Checker.processFiles(Checker.java:311)
	at com.puppycrawl.tools.checkstyle.Checker.process(Checker.java:221)
	at net.sf.eclipsecs.core.builder.Auditor.runAudit(Auditor.java:146)
	at net.sf.eclipsecs.core.builder.CheckstyleBuilder.handleBuildSelection(CheckstyleBuilder.java:307)
	at net.sf.eclipsecs.core.builder.CheckstyleBuilder.build(CheckstyleBuilder.java:173)
	at org.eclipse.core.internal.events.BuildManager$2.run(BuildManager.java:845)
	at org.eclipse.core.runtime.SafeRunner.run(SafeRunner.java:45)
	at org.eclipse.core.internal.events.BuildManager.basicBuild(BuildManager.java:228)
	at org.eclipse.core.internal.events.BuildManager.basicBuild(BuildManager.java:276)
	at org.eclipse.core.internal.events.BuildManager$1.run(BuildManager.java:329)
	at org.eclipse.core.runtime.SafeRunner.run(SafeRunner.java:45)
	at org.eclipse.core.internal.events.BuildManager.basicBuild(BuildManager.java:332)
	at org.eclipse.core.internal.events.BuildManager.basicBuildLoop(BuildManager.java:384)
	at org.eclipse.core.internal.events.BuildManager.build(BuildManager.java:405)
	at org.eclipse.core.internal.events.AutoBuildJob.doBuild(AutoBuildJob.java:154)
	at org.eclipse.core.internal.events.AutoBuildJob.run(AutoBuildJob.java:244)
	at org.eclipse.core.internal.jobs.Worker.run(Worker.java:63)
Caused by: com.puppycrawl.tools.checkstyle.api.CheckstyleException: IllegalStateException occurred while parsing file C:\Users\paula\eclipse-workspace\Assignment3\StackAnalysis\src\avranalysis\core\StackAnalysis.java.
	at com.puppycrawl.tools.checkstyle.JavaParser.parse(JavaParser.java:120)
	at com.puppycrawl.tools.checkstyle.TreeWalker.processFiltered(TreeWalker.java:149)
	at com.puppycrawl.tools.checkstyle.api.AbstractFileSetCheck.process(AbstractFileSetCheck.java:87)
	at com.puppycrawl.tools.checkstyle.Checker.processFile(Checker.java:337)
	at com.puppycrawl.tools.checkstyle.Checker.processFiles(Checker.java:298)
	... 16 more
Caused by: java.lang.IllegalStateException: C:\Users\paula\eclipse-workspace\Assignment3\StackAnalysis\src\avranalysis\core\StackAnalysis.java:70:8: unexpected token: )
	at com.puppycrawl.tools.checkstyle.JavaParser$1.reportError(JavaParser.java:108)
	at com.puppycrawl.tools.checkstyle.grammar.GeneratedJavaRecognizer.typeDefinition(GeneratedJavaRecognizer.java:424)
	at com.puppycrawl.tools.checkstyle.grammar.GeneratedJavaRecognizer.compilationUnit(GeneratedJavaRecognizer.java:212)
	at com.puppycrawl.tools.checkstyle.JavaParser.parse(JavaParser.java:114)
	... 20 more
Caused by: C:\Users\paula\eclipse-workspace\Assignment3\StackAnalysis\src\avranalysis\core\StackAnalysis.java:70:8: unexpected token: )
	at com.puppycrawl.tools.checkstyle.grammar.GeneratedJavaRecognizer.expression(GeneratedJavaRecognizer.java:5348)
	at com.puppycrawl.tools.checkstyle.grammar.GeneratedJavaRecognizer.traditionalStatement(GeneratedJavaRecognizer.java:5655)
	at com.puppycrawl.tools.checkstyle.grammar.GeneratedJavaRecognizer.statement(GeneratedJavaRecognizer.java:4814)
	at com.puppycrawl.tools.checkstyle.grammar.GeneratedJavaRecognizer.compoundStatement(GeneratedJavaRecognizer.java:4543)
	at com.puppycrawl.tools.checkstyle.grammar.GeneratedJavaRecognizer.field(GeneratedJavaRecognizer.java:3158)
	at com.puppycrawl.tools.checkstyle.grammar.GeneratedJavaRecognizer.classBlock(GeneratedJavaRecognizer.java:3415)
	at com.puppycrawl.tools.checkstyle.grammar.GeneratedJavaRecognizer.classDefinition(GeneratedJavaRecognizer.java:646)
	at com.puppycrawl.tools.checkstyle.grammar.GeneratedJavaRecognizer.typeDefinitionInternal(GeneratedJavaRecognizer.java:561)
	at com.puppycrawl.tools.checkstyle.grammar.GeneratedJavaRecognizer.typeDefinition(GeneratedJavaRecognizer.java:402)
	... 22 more

!ENTRY net.sf.eclipsecs.core 4 0 2021-05-14 13:00:50.948
!MESSAGE Checkstyle-Plugin: Exception was thrown while processing C:\Users\paula\eclipse-workspace\Assignment3\StackAnalysis\src\avranalysis\core\StackAnalysis.java
!STACK 0
com.puppycrawl.tools.checkstyle.api.CheckstyleException: Exception was thrown while processing C:\Users\paula\eclipse-workspace\Assignment3\StackAnalysis\src\avranalysis\core\StackAnalysis.java
	at com.puppycrawl.tools.checkstyle.Checker.processFiles(Checker.java:311)
	at com.puppycrawl.tools.checkstyle.Checker.process(Checker.java:221)
	at net.sf.eclipsecs.core.builder.Auditor.runAudit(Auditor.java:146)
	at net.sf.eclipsecs.core.builder.CheckstyleBuilder.handleBuildSelection(CheckstyleBuilder.java:307)
	at net.sf.eclipsecs.core.builder.CheckstyleBuilder.build(CheckstyleBuilder.java:173)
	at org.eclipse.core.internal.events.BuildManager$2.run(BuildManager.java:845)
	at org.eclipse.core.runtime.SafeRunner.run(SafeRunner.java:45)
	at org.eclipse.core.internal.events.BuildManager.basicBuild(BuildManager.java:228)
	at org.eclipse.core.internal.events.BuildManager.basicBuild(BuildManager.java:276)
	at org.eclipse.core.internal.events.BuildManager$1.run(BuildManager.java:329)
	at org.eclipse.core.runtime.SafeRunner.run(SafeRunner.java:45)
	at org.eclipse.core.internal.events.BuildManager.basicBuild(BuildManager.java:332)
	at org.eclipse.core.internal.events.BuildManager.basicBuildLoop(BuildManager.java:384)
	at org.eclipse.core.internal.events.BuildManager.build(BuildManager.java:405)
	at org.eclipse.core.internal.events.AutoBuildJob.doBuild(AutoBuildJob.java:154)
	at org.eclipse.core.internal.events.AutoBuildJob.run(AutoBuildJob.java:244)
	at org.eclipse.core.internal.jobs.Worker.run(Worker.java:63)
Caused by: com.puppycrawl.tools.checkstyle.api.CheckstyleException: IllegalStateException occurred while parsing file C:\Users\paula\eclipse-workspace\Assignment3\StackAnalysis\src\avranalysis\core\StackAnalysis.java.
	at com.puppycrawl.tools.checkstyle.JavaParser.parse(JavaParser.java:120)
	at com.puppycrawl.tools.checkstyle.TreeWalker.processFiltered(TreeWalker.java:149)
	at com.puppycrawl.tools.checkstyle.api.AbstractFileSetCheck.process(AbstractFileSetCheck.java:87)
	at com.puppycrawl.tools.checkstyle.Checker.processFile(Checker.java:337)
	at com.puppycrawl.tools.checkstyle.Checker.processFiles(Checker.java:298)
	... 16 more
Caused by: java.lang.IllegalStateException: C:\Users\paula\eclipse-workspace\Assignment3\StackAnalysis\src\avranalysis\core\StackAnalysis.java:67:8: unexpected token: )
	at com.puppycrawl.tools.checkstyle.JavaParser$1.reportError(JavaParser.java:108)
	at com.puppycrawl.tools.checkstyle.grammar.GeneratedJavaRecognizer.typeDefinition(GeneratedJavaRecognizer.java:424)
	at com.puppycrawl.tools.checkstyle.grammar.GeneratedJavaRecognizer.compilationUnit(GeneratedJavaRecognizer.java:212)
	at com.puppycrawl.tools.checkstyle.JavaParser.parse(JavaParser.java:114)
	... 20 more
Caused by: C:\Users\paula\eclipse-workspace\Assignment3\StackAnalysis\src\avranalysis\core\StackAnalysis.java:67:8: unexpected token: )
	at com.puppycrawl.tools.checkstyle.grammar.GeneratedJavaRecognizer.expression(GeneratedJavaRecognizer.java:5348)
	at com.puppycrawl.tools.checkstyle.grammar.GeneratedJavaRecognizer.traditionalStatement(GeneratedJavaRecognizer.java:5655)
	at com.puppycrawl.tools.checkstyle.grammar.GeneratedJavaRecognizer.statement(GeneratedJavaRecognizer.java:4814)
	at com.puppycrawl.tools.checkstyle.grammar.GeneratedJavaRecognizer.compoundStatement(GeneratedJavaRecognizer.java:4543)
	at com.puppycrawl.tools.checkstyle.grammar.GeneratedJavaRecognizer.field(GeneratedJavaRecognizer.java:3158)
	at com.puppycrawl.tools.checkstyle.grammar.GeneratedJavaRecognizer.classBlock(GeneratedJavaRecognizer.java:3415)
	at com.puppycrawl.tools.checkstyle.grammar.GeneratedJavaRecognizer.classDefinition(GeneratedJavaRecognizer.java:646)
	at com.puppycrawl.tools.checkstyle.grammar.GeneratedJavaRecognizer.typeDefinitionInternal(GeneratedJavaRecognizer.java:561)
	at com.puppycrawl.tools.checkstyle.grammar.GeneratedJavaRecognizer.typeDefinition(GeneratedJavaRecognizer.java:402)
	... 22 more
!SESSION 2021-05-14 17:49:20.863 -----------------------------------------------
eclipse.buildId=4.18.0.I20201202-1800
java.version=15.0.2
java.vendor=Oracle Corporation
BootLoader constants: OS=win32, ARCH=x86_64, WS=win32, NL=en_US
Framework arguments:  -product org.eclipse.epp.package.java.product
Command-line arguments:  -os win32 -ws win32 -arch x86_64 -product org.eclipse.epp.package.java.product

!ENTRY org.eclipse.jface 2 0 2021-05-14 17:49:33.229
!MESSAGE Keybinding conflicts occurred.  They may interfere with normal accelerator operation.
!SUBENTRY 1 org.eclipse.jface 2 0 2021-05-14 17:49:33.229
!MESSAGE A conflict occurred for CTRL+SHIFT+T:
Binding(CTRL+SHIFT+T,
	ParameterizedCommand(Command(org.eclipse.jdt.ui.navigate.open.type,Open Type,
		Open a type in a Java editor,
		Category(org.eclipse.ui.category.navigate,Navigate,null,true),
		org.eclipse.ui.internal.WorkbenchHandlerServiceHandler@24258b54,
		,,true),null),
	org.eclipse.ui.defaultAcceleratorConfiguration,
	org.eclipse.ui.contexts.window,,,system)
Binding(CTRL+SHIFT+T,
	ParameterizedCommand(Command(org.eclipse.lsp4e.symbolinworkspace,Go to Symbol in Workspace,
		,
		Category(org.eclipse.lsp4e.category,Language Servers,null,true),
		org.eclipse.ui.internal.WorkbenchHandlerServiceHandler@493968a9,
		,,true),null),
	org.eclipse.ui.defaultAcceleratorConfiguration,
	org.eclipse.ui.contexts.window,,,system)

!ENTRY org.eclipse.egit.ui 2 0 2021-05-14 17:49:41.131
!MESSAGE Warning: The environment variable HOME is not set. The following directory will be used to store the Git
user global configuration and to define the default location to store repositories: 'C:\Users\paula'. If this is
not correct please set the HOME environment variable and restart Eclipse. Otherwise Git for Windows and
EGit might behave differently since they see different configuration options.
This warning can be switched off on the Team > Git > Confirmations and Warnings preference page.
!SESSION 2021-05-15 11:07:53.661 -----------------------------------------------
eclipse.buildId=4.18.0.I20201202-1800
java.version=15.0.2
java.vendor=Oracle Corporation
BootLoader constants: OS=win32, ARCH=x86_64, WS=win32, NL=en_US
Framework arguments:  -product org.eclipse.epp.package.java.product
Command-line arguments:  -os win32 -ws win32 -arch x86_64 -product org.eclipse.epp.package.java.product

!ENTRY org.eclipse.jface 2 0 2021-05-15 11:08:29.355
!MESSAGE Keybinding conflicts occurred.  They may interfere with normal accelerator operation.
!SUBENTRY 1 org.eclipse.jface 2 0 2021-05-15 11:08:29.355
!MESSAGE A conflict occurred for CTRL+SHIFT+T:
Binding(CTRL+SHIFT+T,
	ParameterizedCommand(Command(org.eclipse.jdt.ui.navigate.open.type,Open Type,
		Open a type in a Java editor,
		Category(org.eclipse.ui.category.navigate,Navigate,null,true),
		org.eclipse.ui.internal.WorkbenchHandlerServiceHandler@603c2dee,
		,,true),null),
	org.eclipse.ui.defaultAcceleratorConfiguration,
	org.eclipse.ui.contexts.window,,,system)
Binding(CTRL+SHIFT+T,
	ParameterizedCommand(Command(org.eclipse.lsp4e.symbolinworkspace,Go to Symbol in Workspace,
		,
		Category(org.eclipse.lsp4e.category,Language Servers,null,true),
		org.eclipse.ui.internal.WorkbenchHandlerServiceHandler@50d666a2,
		,,true),null),
	org.eclipse.ui.defaultAcceleratorConfiguration,
	org.eclipse.ui.contexts.window,,,system)

!ENTRY org.eclipse.egit.ui 2 0 2021-05-15 11:08:37.895
!MESSAGE Warning: The environment variable HOME is not set. The following directory will be used to store the Git
user global configuration and to define the default location to store repositories: 'C:\Users\paula'. If this is
not correct please set the HOME environment variable and restart Eclipse. Otherwise Git for Windows and
EGit might behave differently since they see different configuration options.
This warning can be switched off on the Team > Git > Confirmations and Warnings preference page.

!ENTRY org.eclipse.debug.ui 4 120 2021-05-15 11:52:20.019
!MESSAGE Error logged from Debug UI: 
!STACK 0
java.lang.InterruptedException
	at java.base/java.util.concurrent.FutureTask.awaitDone(FutureTask.java:418)
	at java.base/java.util.concurrent.FutureTask.get(FutureTask.java:203)
	at org.eclipse.debug.internal.ui.stringsubstitution.SelectedResourceManager.runInUIThreadWithTimeout(SelectedResourceManager.java:262)
	at org.eclipse.debug.internal.ui.stringsubstitution.SelectedResourceManager.getFromUI(SelectedResourceManager.java:240)
	at org.eclipse.debug.internal.ui.stringsubstitution.SelectedResourceManager.getActiveWindow(SelectedResourceManager.java:231)
	at org.eclipse.debug.ui.DebugUITools.getDebugContext(DebugUITools.java:247)
	at org.eclipse.jdt.internal.debug.ui.JavaDebugHover.getFrame(JavaDebugHover.java:97)
	at org.eclipse.jdt.internal.debug.ui.JavaDebugHover.getHoverInfo2(JavaDebugHover.java:251)
	at org.eclipse.jdt.internal.ui.text.java.hover.BestMatchHover.getHoverInfo2(BestMatchHover.java:163)
	at org.eclipse.jdt.internal.ui.text.java.hover.BestMatchHover.getHoverInfo2(BestMatchHover.java:130)
	at org.eclipse.jdt.internal.ui.text.java.hover.JavaEditorTextHoverProxy.getHoverInfo2(JavaEditorTextHoverProxy.java:89)
	at org.eclipse.jface.text.TextViewerHoverManager$1.run(TextViewerHoverManager.java:155)

!ENTRY net.sf.eclipsecs.core 4 0 2021-05-15 12:14:07.613
!MESSAGE Checkstyle-Plugin: Exception was thrown while processing C:\Users\paula\eclipse-workspace\Assignment3\StackAnalysis\src\avranalysis\core\StackAnalysis.java
!STACK 0
com.puppycrawl.tools.checkstyle.api.CheckstyleException: Exception was thrown while processing C:\Users\paula\eclipse-workspace\Assignment3\StackAnalysis\src\avranalysis\core\StackAnalysis.java
	at com.puppycrawl.tools.checkstyle.Checker.processFiles(Checker.java:311)
	at com.puppycrawl.tools.checkstyle.Checker.process(Checker.java:221)
	at net.sf.eclipsecs.core.builder.Auditor.runAudit(Auditor.java:146)
	at net.sf.eclipsecs.core.builder.CheckstyleBuilder.handleBuildSelection(CheckstyleBuilder.java:307)
	at net.sf.eclipsecs.core.builder.CheckstyleBuilder.build(CheckstyleBuilder.java:173)
	at org.eclipse.core.internal.events.BuildManager$2.run(BuildManager.java:845)
	at org.eclipse.core.runtime.SafeRunner.run(SafeRunner.java:45)
	at org.eclipse.core.internal.events.BuildManager.basicBuild(BuildManager.java:228)
	at org.eclipse.core.internal.events.BuildManager.basicBuild(BuildManager.java:276)
	at org.eclipse.core.internal.events.BuildManager$1.run(BuildManager.java:329)
	at org.eclipse.core.runtime.SafeRunner.run(SafeRunner.java:45)
	at org.eclipse.core.internal.events.BuildManager.basicBuild(BuildManager.java:332)
	at org.eclipse.core.internal.events.BuildManager.basicBuildLoop(BuildManager.java:384)
	at org.eclipse.core.internal.events.BuildManager.build(BuildManager.java:405)
	at org.eclipse.core.internal.events.AutoBuildJob.doBuild(AutoBuildJob.java:154)
	at org.eclipse.core.internal.events.AutoBuildJob.run(AutoBuildJob.java:244)
	at org.eclipse.core.internal.jobs.Worker.run(Worker.java:63)
Caused by: com.puppycrawl.tools.checkstyle.api.CheckstyleException: IllegalStateException occurred while parsing file C:\Users\paula\eclipse-workspace\Assignment3\StackAnalysis\src\avranalysis\core\StackAnalysis.java.
	at com.puppycrawl.tools.checkstyle.JavaParser.parse(JavaParser.java:120)
	at com.puppycrawl.tools.checkstyle.TreeWalker.processFiltered(TreeWalker.java:149)
	at com.puppycrawl.tools.checkstyle.api.AbstractFileSetCheck.process(AbstractFileSetCheck.java:87)
	at com.puppycrawl.tools.checkstyle.Checker.processFile(Checker.java:337)
	at com.puppycrawl.tools.checkstyle.Checker.processFiles(Checker.java:298)
	... 16 more
Caused by: java.lang.IllegalStateException: C:\Users\paula\eclipse-workspace\Assignment3\StackAnalysis\src\avranalysis\core\StackAnalysis.java:82:55: expecting RPAREN, found '{'
	at com.puppycrawl.tools.checkstyle.JavaParser$1.reportError(JavaParser.java:108)
	at com.puppycrawl.tools.checkstyle.grammar.GeneratedJavaRecognizer.typeDefinition(GeneratedJavaRecognizer.java:424)
	at com.puppycrawl.tools.checkstyle.grammar.GeneratedJavaRecognizer.compilationUnit(GeneratedJavaRecognizer.java:212)
	at com.puppycrawl.tools.checkstyle.JavaParser.parse(JavaParser.java:114)
	... 20 more
Caused by: C:\Users\paula\eclipse-workspace\Assignment3\StackAnalysis\src\avranalysis\core\StackAnalysis.java:82:55: expecting RPAREN, found '{'
	at antlr.Parser.match(Parser.java:211)
	at com.puppycrawl.tools.checkstyle.grammar.GeneratedJavaRecognizer.traditionalStatement(GeneratedJavaRecognizer.java:5660)
	at com.puppycrawl.tools.checkstyle.grammar.GeneratedJavaRecognizer.statement(GeneratedJavaRecognizer.java:4814)
	at com.puppycrawl.tools.checkstyle.grammar.GeneratedJavaRecognizer.compoundStatement(GeneratedJavaRecognizer.java:4543)
	at com.puppycrawl.tools.checkstyle.grammar.GeneratedJavaRecognizer.traditionalStatement(GeneratedJavaRecognizer.java:5640)
	at com.puppycrawl.tools.checkstyle.grammar.GeneratedJavaRecognizer.statement(GeneratedJavaRecognizer.java:4814)
	at com.puppycrawl.tools.checkstyle.grammar.GeneratedJavaRecognizer.forStatement(GeneratedJavaRecognizer.java:6194)
	at com.puppycrawl.tools.checkstyle.grammar.GeneratedJavaRecognizer.traditionalStatement(GeneratedJavaRecognizer.java:5680)
	at com.puppycrawl.tools.checkstyle.grammar.GeneratedJavaRecognizer.statement(GeneratedJavaRecognizer.java:4814)
	at com.puppycrawl.tools.checkstyle.grammar.GeneratedJavaRecognizer.compoundStatement(GeneratedJavaRecognizer.java:4543)
	at com.puppycrawl.tools.checkstyle.grammar.GeneratedJavaRecognizer.field(GeneratedJavaRecognizer.java:3158)
	at com.puppycrawl.tools.checkstyle.grammar.GeneratedJavaRecognizer.classBlock(GeneratedJavaRecognizer.java:3415)
	at com.puppycrawl.tools.checkstyle.grammar.GeneratedJavaRecognizer.classDefinition(GeneratedJavaRecognizer.java:646)
	at com.puppycrawl.tools.checkstyle.grammar.GeneratedJavaRecognizer.typeDefinitionInternal(GeneratedJavaRecognizer.java:561)
	at com.puppycrawl.tools.checkstyle.grammar.GeneratedJavaRecognizer.typeDefinition(GeneratedJavaRecognizer.java:402)
	... 22 more

!ENTRY net.sf.eclipsecs.core 4 0 2021-05-15 12:14:30.504
!MESSAGE Checkstyle-Plugin: Exception was thrown while processing C:\Users\paula\eclipse-workspace\Assignment3\StackAnalysis\src\avranalysis\core\StackAnalysis.java
!STACK 0
com.puppycrawl.tools.checkstyle.api.CheckstyleException: Exception was thrown while processing C:\Users\paula\eclipse-workspace\Assignment3\StackAnalysis\src\avranalysis\core\StackAnalysis.java
	at com.puppycrawl.tools.checkstyle.Checker.processFiles(Checker.java:311)
	at com.puppycrawl.tools.checkstyle.Checker.process(Checker.java:221)
	at net.sf.eclipsecs.core.builder.Auditor.runAudit(Auditor.java:146)
	at net.sf.eclipsecs.core.builder.CheckstyleBuilder.handleBuildSelection(CheckstyleBuilder.java:307)
	at net.sf.eclipsecs.core.builder.CheckstyleBuilder.build(CheckstyleBuilder.java:173)
	at org.eclipse.core.internal.events.BuildManager$2.run(BuildManager.java:845)
	at org.eclipse.core.runtime.SafeRunner.run(SafeRunner.java:45)
	at org.eclipse.core.internal.events.BuildManager.basicBuild(BuildManager.java:228)
	at org.eclipse.core.internal.events.BuildManager.basicBuild(BuildManager.java:276)
	at org.eclipse.core.internal.events.BuildManager$1.run(BuildManager.java:329)
	at org.eclipse.core.runtime.SafeRunner.run(SafeRunner.java:45)
	at org.eclipse.core.internal.events.BuildManager.basicBuild(BuildManager.java:332)
	at org.eclipse.core.internal.events.BuildManager.basicBuildLoop(BuildManager.java:384)
	at org.eclipse.core.internal.events.BuildManager.build(BuildManager.java:405)
	at org.eclipse.core.internal.events.AutoBuildJob.doBuild(AutoBuildJob.java:154)
	at org.eclipse.core.internal.events.AutoBuildJob.run(AutoBuildJob.java:244)
	at org.eclipse.core.internal.jobs.Worker.run(Worker.java:63)
Caused by: com.puppycrawl.tools.checkstyle.api.CheckstyleException: IllegalStateException occurred while parsing file C:\Users\paula\eclipse-workspace\Assignment3\StackAnalysis\src\avranalysis\core\StackAnalysis.java.
	at com.puppycrawl.tools.checkstyle.JavaParser.parse(JavaParser.java:120)
	at com.puppycrawl.tools.checkstyle.TreeWalker.processFiltered(TreeWalker.java:149)
	at com.puppycrawl.tools.checkstyle.api.AbstractFileSetCheck.process(AbstractFileSetCheck.java:87)
	at com.puppycrawl.tools.checkstyle.Checker.processFile(Checker.java:337)
	at com.puppycrawl.tools.checkstyle.Checker.processFiles(Checker.java:298)
	... 16 more
Caused by: java.lang.IllegalStateException: C:\Users\paula\eclipse-workspace\Assignment3\StackAnalysis\src\avranalysis\core\StackAnalysis.java:82:55: expecting RPAREN, found '{'
	at com.puppycrawl.tools.checkstyle.JavaParser$1.reportError(JavaParser.java:108)
	at com.puppycrawl.tools.checkstyle.grammar.GeneratedJavaRecognizer.typeDefinition(GeneratedJavaRecognizer.java:424)
	at com.puppycrawl.tools.checkstyle.grammar.GeneratedJavaRecognizer.compilationUnit(GeneratedJavaRecognizer.java:212)
	at com.puppycrawl.tools.checkstyle.JavaParser.parse(JavaParser.java:114)
	... 20 more
Caused by: C:\Users\paula\eclipse-workspace\Assignment3\StackAnalysis\src\avranalysis\core\StackAnalysis.java:82:55: expecting RPAREN, found '{'
	at antlr.Parser.match(Parser.java:211)
	at com.puppycrawl.tools.checkstyle.grammar.GeneratedJavaRecognizer.traditionalStatement(GeneratedJavaRecognizer.java:5660)
	at com.puppycrawl.tools.checkstyle.grammar.GeneratedJavaRecognizer.statement(GeneratedJavaRecognizer.java:4814)
	at com.puppycrawl.tools.checkstyle.grammar.GeneratedJavaRecognizer.compoundStatement(GeneratedJavaRecognizer.java:4543)
	at com.puppycrawl.tools.checkstyle.grammar.GeneratedJavaRecognizer.traditionalStatement(GeneratedJavaRecognizer.java:5640)
	at com.puppycrawl.tools.checkstyle.grammar.GeneratedJavaRecognizer.statement(GeneratedJavaRecognizer.java:4814)
	at com.puppycrawl.tools.checkstyle.grammar.GeneratedJavaRecognizer.forStatement(GeneratedJavaRecognizer.java:6194)
	at com.puppycrawl.tools.checkstyle.grammar.GeneratedJavaRecognizer.traditionalStatement(GeneratedJavaRecognizer.java:5680)
	at com.puppycrawl.tools.checkstyle.grammar.GeneratedJavaRecognizer.statement(GeneratedJavaRecognizer.java:4814)
	at com.puppycrawl.tools.checkstyle.grammar.GeneratedJavaRecognizer.compoundStatement(GeneratedJavaRecognizer.java:4543)
	at com.puppycrawl.tools.checkstyle.grammar.GeneratedJavaRecognizer.field(GeneratedJavaRecognizer.java:3158)
	at com.puppycrawl.tools.checkstyle.grammar.GeneratedJavaRecognizer.classBlock(GeneratedJavaRecognizer.java:3415)
	at com.puppycrawl.tools.checkstyle.grammar.GeneratedJavaRecognizer.classDefinition(GeneratedJavaRecognizer.java:646)
	at com.puppycrawl.tools.checkstyle.grammar.GeneratedJavaRecognizer.typeDefinitionInternal(GeneratedJavaRecognizer.java:561)
	at com.puppycrawl.tools.checkstyle.grammar.GeneratedJavaRecognizer.typeDefinition(GeneratedJavaRecognizer.java:402)
	... 22 more

!ENTRY net.sf.eclipsecs.core 4 0 2021-05-15 12:14:37.826
!MESSAGE Checkstyle-Plugin: Exception was thrown while processing C:\Users\paula\eclipse-workspace\Assignment3\StackAnalysis\src\avranalysis\core\StackAnalysis.java
!STACK 0
com.puppycrawl.tools.checkstyle.api.CheckstyleException: Exception was thrown while processing C:\Users\paula\eclipse-workspace\Assignment3\StackAnalysis\src\avranalysis\core\StackAnalysis.java
	at com.puppycrawl.tools.checkstyle.Checker.processFiles(Checker.java:311)
	at com.puppycrawl.tools.checkstyle.Checker.process(Checker.java:221)
	at net.sf.eclipsecs.core.builder.Auditor.runAudit(Auditor.java:146)
	at net.sf.eclipsecs.core.builder.CheckstyleBuilder.handleBuildSelection(CheckstyleBuilder.java:307)
	at net.sf.eclipsecs.core.builder.CheckstyleBuilder.build(CheckstyleBuilder.java:173)
	at org.eclipse.core.internal.events.BuildManager$2.run(BuildManager.java:845)
	at org.eclipse.core.runtime.SafeRunner.run(SafeRunner.java:45)
	at org.eclipse.core.internal.events.BuildManager.basicBuild(BuildManager.java:228)
	at org.eclipse.core.internal.events.BuildManager.basicBuild(BuildManager.java:276)
	at org.eclipse.core.internal.events.BuildManager$1.run(BuildManager.java:329)
	at org.eclipse.core.runtime.SafeRunner.run(SafeRunner.java:45)
	at org.eclipse.core.internal.events.BuildManager.basicBuild(BuildManager.java:332)
	at org.eclipse.core.internal.events.BuildManager.basicBuildLoop(BuildManager.java:384)
	at org.eclipse.core.internal.events.BuildManager.build(BuildManager.java:405)
	at org.eclipse.core.internal.events.AutoBuildJob.doBuild(AutoBuildJob.java:154)
	at org.eclipse.core.internal.events.AutoBuildJob.run(AutoBuildJob.java:244)
	at org.eclipse.core.internal.jobs.Worker.run(Worker.java:63)
Caused by: com.puppycrawl.tools.checkstyle.api.CheckstyleException: IllegalStateException occurred while parsing file C:\Users\paula\eclipse-workspace\Assignment3\StackAnalysis\src\avranalysis\core\StackAnalysis.java.
	at com.puppycrawl.tools.checkstyle.JavaParser.parse(JavaParser.java:120)
	at com.puppycrawl.tools.checkstyle.TreeWalker.processFiltered(TreeWalker.java:149)
	at com.puppycrawl.tools.checkstyle.api.AbstractFileSetCheck.process(AbstractFileSetCheck.java:87)
	at com.puppycrawl.tools.checkstyle.Checker.processFile(Checker.java:337)
	at com.puppycrawl.tools.checkstyle.Checker.processFiles(Checker.java:298)
	... 16 more
Caused by: java.lang.IllegalStateException: C:\Users\paula\eclipse-workspace\Assignment3\StackAnalysis\src\avranalysis\core\StackAnalysis.java:82:55: expecting RPAREN, found '{'
	at com.puppycrawl.tools.checkstyle.JavaParser$1.reportError(JavaParser.java:108)
	at com.puppycrawl.tools.checkstyle.grammar.GeneratedJavaRecognizer.typeDefinition(GeneratedJavaRecognizer.java:424)
	at com.puppycrawl.tools.checkstyle.grammar.GeneratedJavaRecognizer.compilationUnit(GeneratedJavaRecognizer.java:212)
	at com.puppycrawl.tools.checkstyle.JavaParser.parse(JavaParser.java:114)
	... 20 more
Caused by: C:\Users\paula\eclipse-workspace\Assignment3\StackAnalysis\src\avranalysis\core\StackAnalysis.java:82:55: expecting RPAREN, found '{'
	at antlr.Parser.match(Parser.java:211)
	at com.puppycrawl.tools.checkstyle.grammar.GeneratedJavaRecognizer.traditionalStatement(GeneratedJavaRecognizer.java:5660)
	at com.puppycrawl.tools.checkstyle.grammar.GeneratedJavaRecognizer.statement(GeneratedJavaRecognizer.java:4814)
	at com.puppycrawl.tools.checkstyle.grammar.GeneratedJavaRecognizer.compoundStatement(GeneratedJavaRecognizer.java:4543)
	at com.puppycrawl.tools.checkstyle.grammar.GeneratedJavaRecognizer.traditionalStatement(GeneratedJavaRecognizer.java:5640)
	at com.puppycrawl.tools.checkstyle.grammar.GeneratedJavaRecognizer.statement(GeneratedJavaRecognizer.java:4814)
	at com.puppycrawl.tools.checkstyle.grammar.GeneratedJavaRecognizer.forStatement(GeneratedJavaRecognizer.java:6194)
	at com.puppycrawl.tools.checkstyle.grammar.GeneratedJavaRecognizer.traditionalStatement(GeneratedJavaRecognizer.java:5680)
	at com.puppycrawl.tools.checkstyle.grammar.GeneratedJavaRecognizer.statement(GeneratedJavaRecognizer.java:4814)
	at com.puppycrawl.tools.checkstyle.grammar.GeneratedJavaRecognizer.compoundStatement(GeneratedJavaRecognizer.java:4543)
	at com.puppycrawl.tools.checkstyle.grammar.GeneratedJavaRecognizer.field(GeneratedJavaRecognizer.java:3158)
	at com.puppycrawl.tools.checkstyle.grammar.GeneratedJavaRecognizer.classBlock(GeneratedJavaRecognizer.java:3415)
	at com.puppycrawl.tools.checkstyle.grammar.GeneratedJavaRecognizer.classDefinition(GeneratedJavaRecognizer.java:646)
	at com.puppycrawl.tools.checkstyle.grammar.GeneratedJavaRecognizer.typeDefinitionInternal(GeneratedJavaRecognizer.java:561)
	at com.puppycrawl.tools.checkstyle.grammar.GeneratedJavaRecognizer.typeDefinition(GeneratedJavaRecognizer.java:402)
	... 22 more

!ENTRY net.sf.eclipsecs.core 4 0 2021-05-15 12:37:37.949
!MESSAGE Checkstyle-Plugin: Exception was thrown while processing C:\Users\paula\eclipse-workspace\Assignment3\StackAnalysis\src\avranalysis\core\StackAnalysis.java
!STACK 0
com.puppycrawl.tools.checkstyle.api.CheckstyleException: Exception was thrown while processing C:\Users\paula\eclipse-workspace\Assignment3\StackAnalysis\src\avranalysis\core\StackAnalysis.java
	at com.puppycrawl.tools.checkstyle.Checker.processFiles(Checker.java:311)
	at com.puppycrawl.tools.checkstyle.Checker.process(Checker.java:221)
	at net.sf.eclipsecs.core.builder.Auditor.runAudit(Auditor.java:146)
	at net.sf.eclipsecs.core.builder.CheckstyleBuilder.handleBuildSelection(CheckstyleBuilder.java:307)
	at net.sf.eclipsecs.core.builder.CheckstyleBuilder.build(CheckstyleBuilder.java:173)
	at org.eclipse.core.internal.events.BuildManager$2.run(BuildManager.java:845)
	at org.eclipse.core.runtime.SafeRunner.run(SafeRunner.java:45)
	at org.eclipse.core.internal.events.BuildManager.basicBuild(BuildManager.java:228)
	at org.eclipse.core.internal.events.BuildManager.basicBuild(BuildManager.java:276)
	at org.eclipse.core.internal.events.BuildManager$1.run(BuildManager.java:329)
	at org.eclipse.core.runtime.SafeRunner.run(SafeRunner.java:45)
	at org.eclipse.core.internal.events.BuildManager.basicBuild(BuildManager.java:332)
	at org.eclipse.core.internal.events.BuildManager.basicBuildLoop(BuildManager.java:384)
	at org.eclipse.core.internal.events.BuildManager.build(BuildManager.java:405)
	at org.eclipse.core.internal.events.AutoBuildJob.doBuild(AutoBuildJob.java:154)
	at org.eclipse.core.internal.events.AutoBuildJob.run(AutoBuildJob.java:244)
	at org.eclipse.core.internal.jobs.Worker.run(Worker.java:63)
Caused by: com.puppycrawl.tools.checkstyle.api.CheckstyleException: IllegalStateException occurred while parsing file C:\Users\paula\eclipse-workspace\Assignment3\StackAnalysis\src\avranalysis\core\StackAnalysis.java.
	at com.puppycrawl.tools.checkstyle.JavaParser.parse(JavaParser.java:120)
	at com.puppycrawl.tools.checkstyle.TreeWalker.processFiltered(TreeWalker.java:149)
	at com.puppycrawl.tools.checkstyle.api.AbstractFileSetCheck.process(AbstractFileSetCheck.java:87)
	at com.puppycrawl.tools.checkstyle.Checker.processFile(Checker.java:337)
	at com.puppycrawl.tools.checkstyle.Checker.processFiles(Checker.java:298)
	... 16 more
Caused by: java.lang.IllegalStateException: C:\Users\paula\eclipse-workspace\Assignment3\StackAnalysis\src\avranalysis\core\StackAnalysis.java:85:36: unexpected token: )
	at com.puppycrawl.tools.checkstyle.JavaParser$1.reportError(JavaParser.java:108)
	at com.puppycrawl.tools.checkstyle.grammar.GeneratedJavaRecognizer.typeDefinition(GeneratedJavaRecognizer.java:424)
	at com.puppycrawl.tools.checkstyle.grammar.GeneratedJavaRecognizer.compilationUnit(GeneratedJavaRecognizer.java:212)
	at com.puppycrawl.tools.checkstyle.JavaParser.parse(JavaParser.java:114)
	... 20 more
Caused by: C:\Users\paula\eclipse-workspace\Assignment3\StackAnalysis\src\avranalysis\core\StackAnalysis.java:85:36: unexpected token: )
	at com.puppycrawl.tools.checkstyle.grammar.GeneratedJavaRecognizer.unaryExpression(GeneratedJavaRecognizer.java:8314)
	at com.puppycrawl.tools.checkstyle.grammar.GeneratedJavaRecognizer.multiplicativeExpression(GeneratedJavaRecognizer.java:8168)
	at com.puppycrawl.tools.checkstyle.grammar.GeneratedJavaRecognizer.additiveExpression(GeneratedJavaRecognizer.java:8119)
	at com.puppycrawl.tools.checkstyle.grammar.GeneratedJavaRecognizer.shiftExpression(GeneratedJavaRecognizer.java:7997)
	at com.puppycrawl.tools.checkstyle.grammar.GeneratedJavaRecognizer.relationalExpression(GeneratedJavaRecognizer.java:7885)
	at com.puppycrawl.tools.checkstyle.grammar.GeneratedJavaRecognizer.equalityExpression(GeneratedJavaRecognizer.java:7836)
	at com.puppycrawl.tools.checkstyle.grammar.GeneratedJavaRecognizer.andExpression(GeneratedJavaRecognizer.java:7807)
	at com.puppycrawl.tools.checkstyle.grammar.GeneratedJavaRecognizer.exclusiveOrExpression(GeneratedJavaRecognizer.java:7778)
	at com.puppycrawl.tools.checkstyle.grammar.GeneratedJavaRecognizer.inclusiveOrExpression(GeneratedJavaRecognizer.java:7749)
	at com.puppycrawl.tools.checkstyle.grammar.GeneratedJavaRecognizer.logicalAndExpression(GeneratedJavaRecognizer.java:7730)
	at com.puppycrawl.tools.checkstyle.grammar.GeneratedJavaRecognizer.logicalOrExpression(GeneratedJavaRecognizer.java:7691)
	at com.puppycrawl.tools.checkstyle.grammar.GeneratedJavaRecognizer.conditionalExpression(GeneratedJavaRecognizer.java:2356)
	at com.puppycrawl.tools.checkstyle.grammar.GeneratedJavaRecognizer.assignmentExpression(GeneratedJavaRecognizer.java:7440)
	at com.puppycrawl.tools.checkstyle.grammar.GeneratedJavaRecognizer.expression(GeneratedJavaRecognizer.java:5335)
	at com.puppycrawl.tools.checkstyle.grammar.GeneratedJavaRecognizer.traditionalStatement(GeneratedJavaRecognizer.java:5655)
	at com.puppycrawl.tools.checkstyle.grammar.GeneratedJavaRecognizer.statement(GeneratedJavaRecognizer.java:4814)
	at com.puppycrawl.tools.checkstyle.grammar.GeneratedJavaRecognizer.compoundStatement(GeneratedJavaRecognizer.java:4543)
	at com.puppycrawl.tools.checkstyle.grammar.GeneratedJavaRecognizer.traditionalStatement(GeneratedJavaRecognizer.java:5640)
	at com.puppycrawl.tools.checkstyle.grammar.GeneratedJavaRecognizer.statement(GeneratedJavaRecognizer.java:4814)
	at com.puppycrawl.tools.checkstyle.grammar.GeneratedJavaRecognizer.traditionalStatement(GeneratedJavaRecognizer.java:5661)
	at com.puppycrawl.tools.checkstyle.grammar.GeneratedJavaRecognizer.statement(GeneratedJavaRecognizer.java:4814)
	at com.puppycrawl.tools.checkstyle.grammar.GeneratedJavaRecognizer.compoundStatement(GeneratedJavaRecognizer.java:4543)
	at com.puppycrawl.tools.checkstyle.grammar.GeneratedJavaRecognizer.traditionalStatement(GeneratedJavaRecognizer.java:5640)
	at com.puppycrawl.tools.checkstyle.grammar.GeneratedJavaRecognizer.statement(GeneratedJavaRecognizer.java:4814)
	at com.puppycrawl.tools.checkstyle.grammar.GeneratedJavaRecognizer.forStatement(GeneratedJavaRecognizer.java:6194)
	at com.puppycrawl.tools.checkstyle.grammar.GeneratedJavaRecognizer.traditionalStatement(GeneratedJavaRecognizer.java:5680)
	at com.puppycrawl.tools.checkstyle.grammar.GeneratedJavaRecognizer.statement(GeneratedJavaRecognizer.java:4814)
	at com.puppycrawl.tools.checkstyle.grammar.GeneratedJavaRecognizer.compoundStatement(GeneratedJavaRecognizer.java:4543)
	at com.puppycrawl.tools.checkstyle.grammar.GeneratedJavaRecognizer.field(GeneratedJavaRecognizer.java:3158)
	at com.puppycrawl.tools.checkstyle.grammar.GeneratedJavaRecognizer.classBlock(GeneratedJavaRecognizer.java:3415)
	at com.puppycrawl.tools.checkstyle.grammar.GeneratedJavaRecognizer.classDefinition(GeneratedJavaRecognizer.java:646)
	at com.puppycrawl.tools.checkstyle.grammar.GeneratedJavaRecognizer.typeDefinitionInternal(GeneratedJavaRecognizer.java:561)
	at com.puppycrawl.tools.checkstyle.grammar.GeneratedJavaRecognizer.typeDefinition(GeneratedJavaRecognizer.java:402)
	... 22 more

!ENTRY org.eclipse.debug.ui 4 120 2021-05-15 15:25:27.978
!MESSAGE Error logged from Debug UI: 
!STACK 0
java.lang.InterruptedException
	at java.base/java.util.concurrent.FutureTask.awaitDone(FutureTask.java:418)
	at java.base/java.util.concurrent.FutureTask.get(FutureTask.java:203)
	at org.eclipse.debug.internal.ui.stringsubstitution.SelectedResourceManager.runInUIThreadWithTimeout(SelectedResourceManager.java:262)
	at org.eclipse.debug.internal.ui.stringsubstitution.SelectedResourceManager.getFromUI(SelectedResourceManager.java:240)
	at org.eclipse.debug.internal.ui.stringsubstitution.SelectedResourceManager.getActiveWindow(SelectedResourceManager.java:231)
	at org.eclipse.debug.ui.DebugUITools.getDebugContext(DebugUITools.java:247)
	at org.eclipse.jdt.internal.debug.ui.JavaDebugHover.getFrame(JavaDebugHover.java:97)
	at org.eclipse.jdt.internal.debug.ui.JavaDebugHover.getHoverInfo2(JavaDebugHover.java:251)
	at org.eclipse.jdt.internal.ui.text.java.hover.BestMatchHover.getHoverInfo2(BestMatchHover.java:163)
	at org.eclipse.jdt.internal.ui.text.java.hover.BestMatchHover.getHoverInfo2(BestMatchHover.java:130)
	at org.eclipse.jdt.internal.ui.text.java.hover.JavaEditorTextHoverProxy.getHoverInfo2(JavaEditorTextHoverProxy.java:89)
	at org.eclipse.jface.text.TextViewerHoverManager$1.run(TextViewerHoverManager.java:155)
!SESSION 2021-05-15 21:16:10.380 -----------------------------------------------
eclipse.buildId=4.18.0.I20201202-1800
java.version=15.0.2
java.vendor=Oracle Corporation
BootLoader constants: OS=win32, ARCH=x86_64, WS=win32, NL=en_US
Framework arguments:  -product org.eclipse.epp.package.java.product
Command-line arguments:  -os win32 -ws win32 -arch x86_64 -product org.eclipse.epp.package.java.product

!ENTRY org.eclipse.jface 2 0 2021-05-15 21:16:33.028
!MESSAGE Keybinding conflicts occurred.  They may interfere with normal accelerator operation.
!SUBENTRY 1 org.eclipse.jface 2 0 2021-05-15 21:16:33.028
!MESSAGE A conflict occurred for CTRL+SHIFT+T:
Binding(CTRL+SHIFT+T,
	ParameterizedCommand(Command(org.eclipse.jdt.ui.navigate.open.type,Open Type,
		Open a type in a Java editor,
		Category(org.eclipse.ui.category.navigate,Navigate,null,true),
		org.eclipse.ui.internal.WorkbenchHandlerServiceHandler@3dd66ff5,
		,,true),null),
	org.eclipse.ui.defaultAcceleratorConfiguration,
	org.eclipse.ui.contexts.window,,,system)
Binding(CTRL+SHIFT+T,
	ParameterizedCommand(Command(org.eclipse.lsp4e.symbolinworkspace,Go to Symbol in Workspace,
		,
		Category(org.eclipse.lsp4e.category,Language Servers,null,true),
		org.eclipse.ui.internal.WorkbenchHandlerServiceHandler@24258b54,
		,,true),null),
	org.eclipse.ui.defaultAcceleratorConfiguration,
	org.eclipse.ui.contexts.window,,,system)

!ENTRY org.eclipse.egit.ui 2 0 2021-05-15 21:16:40.908
!MESSAGE Warning: The environment variable HOME is not set. The following directory will be used to store the Git
user global configuration and to define the default location to store repositories: 'C:\Users\paula'. If this is
not correct please set the HOME environment variable and restart Eclipse. Otherwise Git for Windows and
EGit might behave differently since they see different configuration options.
This warning can be switched off on the Team > Git > Confirmations and Warnings preference page.
